0 info it worked if it ends with ok
1 verbose cli [ 'C:\\Program Files (x86)\\Microsoft Visual Studio\\2017\\Community\\Web\\External\\Node.exe',
1 verbose cli   'C:\\Program Files (x86)\\Microsoft Visual Studio\\2017\\Community\\Web\\External\\node_modules\\npm\\bin\\npm-cli.js',
1 verbose cli   'install' ]
2 info using npm@3.3.4
3 info using node@v5.4.1
4 silly loadCurrentTree Starting
5 silly install loadCurrentTree
6 silly install readLocalPackageData
7 silly install normalizeTree
8 silly loadCurrentTree Finishing
9 silly loadIdealTree Starting
10 silly install loadIdealTree
11 silly cloneCurrentTree Starting
12 silly install cloneCurrentTreeToIdealTree
13 silly cloneCurrentTree Finishing
14 silly loadShrinkwrap Starting
15 silly install loadShrinkwrap
16 silly loadShrinkwrap Finishing
17 silly loadAllDepsIntoIdealTree Starting
18 silly install loadAllDepsIntoIdealTree
19 silly fetchNamedPackageData botstrap
20 silly mapToRegistry name botstrap
21 silly mapToRegistry using default registry
22 silly mapToRegistry registry https://registry.npmjs.org/
23 silly mapToRegistry uri https://registry.npmjs.org/botstrap
24 silly fetchNamedPackageData jquery
25 silly mapToRegistry name jquery
26 silly mapToRegistry using default registry
27 silly mapToRegistry registry https://registry.npmjs.org/
28 silly mapToRegistry uri https://registry.npmjs.org/jquery
29 verbose request uri https://registry.npmjs.org/botstrap
30 verbose request no auth needed
31 info attempt registry request try #1 at 12:35:27
32 verbose request id e380efdc2d68734c
33 http request GET https://registry.npmjs.org/botstrap
34 verbose request uri https://registry.npmjs.org/jquery
35 verbose request no auth needed
36 info attempt registry request try #1 at 12:35:28
37 http request GET https://registry.npmjs.org/jquery
38 http 200 https://registry.npmjs.org/jquery
39 verbose headers { date: 'Thu, 21 Jun 2018 08:39:12 GMT',
39 verbose headers   'content-type': 'application/json; charset=UTF-8',
39 verbose headers   'transfer-encoding': 'chunked',
39 verbose headers   connection: 'close',
39 verbose headers   'set-cookie': [ '__cfduid=d3a00578592db63012a99bb44af2b49e41529570352; expires=Fri, 21-Jun-19 08:39:12 GMT; path=/; domain=.registry.npmjs.org; HttpOnly' ],
39 verbose headers   'cache-control': 'max-age=300',
39 verbose headers   'cf-cache-status': 'HIT',
39 verbose headers   'cf-ray': '42e529ceed349011-DME',
39 verbose headers   etag: 'W/"252f0a131cedd3ea82dfefd6fa049558"',
39 verbose headers   'expect-ct': 'max-age=604800, report-uri="https://report-uri.cloudflare.com/cdn-cgi/beacon/expect-ct"',
39 verbose headers   'last-modified': 'Sun, 27 May 2018 05:29:43 GMT',
39 verbose headers   vary: 'accept-encoding, accept',
39 verbose headers   server: 'cloudflare',
39 verbose headers   'content-encoding': 'gzip' }
40 silly get cb [ 200,
40 silly get   { date: 'Thu, 21 Jun 2018 08:39:12 GMT',
40 silly get     'content-type': 'application/json; charset=UTF-8',
40 silly get     'transfer-encoding': 'chunked',
40 silly get     connection: 'close',
40 silly get     'set-cookie': [ '__cfduid=d3a00578592db63012a99bb44af2b49e41529570352; expires=Fri, 21-Jun-19 08:39:12 GMT; path=/; domain=.registry.npmjs.org; HttpOnly' ],
40 silly get     'cache-control': 'max-age=300',
40 silly get     'cf-cache-status': 'HIT',
40 silly get     'cf-ray': '42e529ceed349011-DME',
40 silly get     etag: 'W/"252f0a131cedd3ea82dfefd6fa049558"',
40 silly get     'expect-ct': 'max-age=604800, report-uri="https://report-uri.cloudflare.com/cdn-cgi/beacon/expect-ct"',
40 silly get     'last-modified': 'Sun, 27 May 2018 05:29:43 GMT',
40 silly get     vary: 'accept-encoding, accept',
40 silly get     server: 'cloudflare',
40 silly get     'content-encoding': 'gzip' } ]
41 verbose get saving jquery to C:\Users\abkam\AppData\Roaming\npm-cache\registry.npmjs.org\jquery\.cache.json
42 silly resolveWithNewModule jquery@3.3.1 checking installable status
43 silly cache add args [ 'jquery@3.3.1', null ]
44 verbose cache add spec jquery@3.3.1
45 silly cache add parsed spec Result {
45 silly cache add   raw: 'jquery@3.3.1',
45 silly cache add   scope: null,
45 silly cache add   name: 'jquery',
45 silly cache add   rawSpec: '3.3.1',
45 silly cache add   spec: '3.3.1',
45 silly cache add   type: 'version' }
46 silly addNamed jquery@3.3.1
47 verbose addNamed "3.3.1" is a plain semver version for jquery
48 silly mapToRegistry name jquery
49 silly mapToRegistry using default registry
50 silly mapToRegistry registry https://registry.npmjs.org/
51 silly mapToRegistry uri https://registry.npmjs.org/jquery
52 verbose addNameVersion registry:https://registry.npmjs.org/jquery not in flight; fetching
53 verbose get https://registry.npmjs.org/jquery not expired, no request
54 silly mapToRegistry name jquery
55 silly mapToRegistry using default registry
56 silly mapToRegistry registry https://registry.npmjs.org/
57 silly mapToRegistry uri https://registry.npmjs.org/jquery
58 verbose addRemoteTarball https://registry.npmjs.org/jquery/-/jquery-3.3.1.tgz not in flight; adding
59 verbose addRemoteTarball [ 'https://registry.npmjs.org/jquery/-/jquery-3.3.1.tgz',
59 verbose addRemoteTarball   '958ce29e81c9790f31be7792df5d4d95fc57fbca' ]
60 info retry fetch attempt 1 at 12:35:28
61 info attempt registry request try #1 at 12:35:28
62 http fetch GET https://registry.npmjs.org/jquery/-/jquery-3.3.1.tgz
63 http fetch 200 https://registry.npmjs.org/jquery/-/jquery-3.3.1.tgz
64 silly fetchAndShaCheck shasum 958ce29e81c9790f31be7792df5d4d95fc57fbca
65 verbose addTmpTarball C:\Users\abkam\AppData\Local\Temp\npm-6376-90bd0851\registry.npmjs.org\jquery\-\jquery-3.3.1.tgz not in flight; adding
66 verbose addTmpTarball already have metadata; skipping unpack for jquery@3.3.1
67 silly cache afterAdd jquery@3.3.1
68 verbose afterAdd C:\Users\abkam\AppData\Roaming\npm-cache\jquery\3.3.1\package\package.json not in flight; writing
69 verbose afterAdd C:\Users\abkam\AppData\Roaming\npm-cache\jquery\3.3.1\package\package.json written
70 http 200 https://registry.npmjs.org/botstrap
71 verbose headers { date: 'Thu, 21 Jun 2018 08:39:13 GMT',
71 verbose headers   'content-type': 'application/json; charset=UTF-8',
71 verbose headers   'transfer-encoding': 'chunked',
71 verbose headers   connection: 'close',
71 verbose headers   'set-cookie': [ '__cfduid=d3a00578592db63012a99bb44af2b49e41529570352; expires=Fri, 21-Jun-19 08:39:12 GMT; path=/; domain=.registry.npmjs.org; HttpOnly' ],
71 verbose headers   'cache-control': 'max-age=300',
71 verbose headers   'cf-cache-status': 'REVALIDATED',
71 verbose headers   'cf-ray': '42e529ceed379011-DME',
71 verbose headers   etag: 'W/"fe76677baea13e942b1514945a0e75fc"',
71 verbose headers   'expect-ct': 'max-age=604800, report-uri="https://report-uri.cloudflare.com/cdn-cgi/beacon/expect-ct"',
71 verbose headers   'last-modified': 'Sat, 26 May 2018 18:51:04 GMT',
71 verbose headers   vary: 'accept-encoding, accept',
71 verbose headers   server: 'cloudflare',
71 verbose headers   'content-encoding': 'gzip' }
72 silly get cb [ 200,
72 silly get   { date: 'Thu, 21 Jun 2018 08:39:13 GMT',
72 silly get     'content-type': 'application/json; charset=UTF-8',
72 silly get     'transfer-encoding': 'chunked',
72 silly get     connection: 'close',
72 silly get     'set-cookie': [ '__cfduid=d3a00578592db63012a99bb44af2b49e41529570352; expires=Fri, 21-Jun-19 08:39:12 GMT; path=/; domain=.registry.npmjs.org; HttpOnly' ],
72 silly get     'cache-control': 'max-age=300',
72 silly get     'cf-cache-status': 'REVALIDATED',
72 silly get     'cf-ray': '42e529ceed379011-DME',
72 silly get     etag: 'W/"fe76677baea13e942b1514945a0e75fc"',
72 silly get     'expect-ct': 'max-age=604800, report-uri="https://report-uri.cloudflare.com/cdn-cgi/beacon/expect-ct"',
72 silly get     'last-modified': 'Sat, 26 May 2018 18:51:04 GMT',
72 silly get     vary: 'accept-encoding, accept',
72 silly get     server: 'cloudflare',
72 silly get     'content-encoding': 'gzip' } ]
73 verbose get saving botstrap to C:\Users\abkam\AppData\Roaming\npm-cache\registry.npmjs.org\botstrap\.cache.json
74 silly fetchPackageMetaData Error: No compatible version found: botstrap@3.3.7
74 silly fetchPackageMetaData Valid install targets:
74 silly fetchPackageMetaData ["0.20.1","0.20.0","0.19.1","0.19.0","0.18.16","0.18.15","0.18.14","0.18.13","0.18.12","0.18.11","0.18.10","0.18.9","0.18.8","0.18.7","0.18.6","0.18.5","0.18.4","0.18.3","0.18.2","0.18.1","0.18.0","0.17.3","0.17.2","0.17.1","0.17.0","0.16.4","0.16.3","0.16.2","0.16.1","0.16.0","0.15.4","0.15.3","0.15.2","0.15.1","0.15.0","0.14.8","0.14.7","0.14.6","0.14.5","0.14.4","0.14.2","0.14.1","0.14.0","0.13.0","0.12.3","0.12.2","0.12.1","0.12.0","0.11.0","0.10.3","0.10.1","0.10.0","0.9.2","0.9.1","0.9.0","0.8.9","0.8.8","0.8.7","0.8.6","0.8.5","0.8.4","0.8.2","0.8.1","0.8.0","0.7.0","0.6.0","0.5.1","0.5.0","0.4.0","0.3.0","0.2.1","0.2.0","0.1.1","0.1.0","0.0.1"]
74 silly fetchPackageMetaData
74 silly fetchPackageMetaData     at pickVersionFromRegistryDocument (C:\Program Files (x86)\Microsoft Visual Studio\2017\Community\Web\External\node_modules\npm\lib\fetch-package-metadata.js:146:16)
74 silly fetchPackageMetaData     at C:\Program Files (x86)\Microsoft Visual Studio\2017\Community\Web\External\node_modules\iferr\index.js:13:50
74 silly fetchPackageMetaData     at C:\Program Files (x86)\Microsoft Visual Studio\2017\Community\Web\External\node_modules\npm\lib\utils\pulse-till-done.js:19:8
74 silly fetchPackageMetaData     at saved (C:\Program Files (x86)\Microsoft Visual Studio\2017\Community\Web\External\node_modules\npm\lib\cache\caching-client.js:168:7)
74 silly fetchPackageMetaData     at C:\Program Files (x86)\Microsoft Visual Studio\2017\Community\Web\External\node_modules\npm\node_modules\graceful-fs\polyfills.js:210:7
74 silly fetchPackageMetaData     at FSReqWrap.oncomplete (fs.js:82:15)
74 silly fetchPackageMetaData  error for botstrap@3.3.7 [Error: No compatible version found: botstrap@3.3.7
74 silly fetchPackageMetaData Valid install targets:
74 silly fetchPackageMetaData ["0.20.1","0.20.0","0.19.1","0.19.0","0.18.16","0.18.15","0.18.14","0.18.13","0.18.12","0.18.11","0.18.10","0.18.9","0.18.8","0.18.7","0.18.6","0.18.5","0.18.4","0.18.3","0.18.2","0.18.1","0.18.0","0.17.3","0.17.2","0.17.1","0.17.0","0.16.4","0.16.3","0.16.2","0.16.1","0.16.0","0.15.4","0.15.3","0.15.2","0.15.1","0.15.0","0.14.8","0.14.7","0.14.6","0.14.5","0.14.4","0.14.2","0.14.1","0.14.0","0.13.0","0.12.3","0.12.2","0.12.1","0.12.0","0.11.0","0.10.3","0.10.1","0.10.0","0.9.2","0.9.1","0.9.0","0.8.9","0.8.8","0.8.7","0.8.6","0.8.5","0.8.4","0.8.2","0.8.1","0.8.0","0.7.0","0.6.0","0.5.1","0.5.0","0.4.0","0.3.0","0.2.1","0.2.0","0.1.1","0.1.0","0.0.1"]
74 silly fetchPackageMetaData ]
75 silly rollbackFailedOptional Starting
76 silly rollbackFailedOptional Finishing
77 silly runTopLevelLifecycles Starting
78 silly runTopLevelLifecycles Finishing
79 silly install printInstalled
80 verbose stack Error: No compatible version found: botstrap@3.3.7
80 verbose stack Valid install targets:
80 verbose stack ["0.20.1","0.20.0","0.19.1","0.19.0","0.18.16","0.18.15","0.18.14","0.18.13","0.18.12","0.18.11","0.18.10","0.18.9","0.18.8","0.18.7","0.18.6","0.18.5","0.18.4","0.18.3","0.18.2","0.18.1","0.18.0","0.17.3","0.17.2","0.17.1","0.17.0","0.16.4","0.16.3","0.16.2","0.16.1","0.16.0","0.15.4","0.15.3","0.15.2","0.15.1","0.15.0","0.14.8","0.14.7","0.14.6","0.14.5","0.14.4","0.14.2","0.14.1","0.14.0","0.13.0","0.12.3","0.12.2","0.12.1","0.12.0","0.11.0","0.10.3","0.10.1","0.10.0","0.9.2","0.9.1","0.9.0","0.8.9","0.8.8","0.8.7","0.8.6","0.8.5","0.8.4","0.8.2","0.8.1","0.8.0","0.7.0","0.6.0","0.5.1","0.5.0","0.4.0","0.3.0","0.2.1","0.2.0","0.1.1","0.1.0","0.0.1"]
80 verbose stack
80 verbose stack     at pickVersionFromRegistryDocument (C:\Program Files (x86)\Microsoft Visual Studio\2017\Community\Web\External\node_modules\npm\lib\fetch-package-metadata.js:146:16)
80 verbose stack     at C:\Program Files (x86)\Microsoft Visual Studio\2017\Community\Web\External\node_modules\iferr\index.js:13:50
80 verbose stack     at C:\Program Files (x86)\Microsoft Visual Studio\2017\Community\Web\External\node_modules\npm\lib\utils\pulse-till-done.js:19:8
80 verbose stack     at saved (C:\Program Files (x86)\Microsoft Visual Studio\2017\Community\Web\External\node_modules\npm\lib\cache\caching-client.js:168:7)
80 verbose stack     at C:\Program Files (x86)\Microsoft Visual Studio\2017\Community\Web\External\node_modules\npm\node_modules\graceful-fs\polyfills.js:210:7
80 verbose stack     at FSReqWrap.oncomplete (fs.js:82:15)
81 verbose cwd C:\Users\abkam\source\repos\CSharp\WebApplication1
82 error Windows_NT 10.0.17134
83 error argv "C:\\Program Files (x86)\\Microsoft Visual Studio\\2017\\Community\\Web\\External\\Node.exe" "C:\\Program Files (x86)\\Microsoft Visual Studio\\2017\\Community\\Web\\External\\node_modules\\npm\\bin\\npm-cli.js" "install"
84 error node v5.4.1
85 error npm  v3.3.4
86 error No compatible version found: botstrap@3.3.7
86 error Valid install targets:
86 error ["0.20.1","0.20.0","0.19.1","0.19.0","0.18.16","0.18.15","0.18.14","0.18.13","0.18.12","0.18.11","0.18.10","0.18.9","0.18.8","0.18.7","0.18.6","0.18.5","0.18.4","0.18.3","0.18.2","0.18.1","0.18.0","0.17.3","0.17.2","0.17.1","0.17.0","0.16.4","0.16.3","0.16.2","0.16.1","0.16.0","0.15.4","0.15.3","0.15.2","0.15.1","0.15.0","0.14.8","0.14.7","0.14.6","0.14.5","0.14.4","0.14.2","0.14.1","0.14.0","0.13.0","0.12.3","0.12.2","0.12.1","0.12.0","0.11.0","0.10.3","0.10.1","0.10.0","0.9.2","0.9.1","0.9.0","0.8.9","0.8.8","0.8.7","0.8.6","0.8.5","0.8.4","0.8.2","0.8.1","0.8.0","0.7.0","0.6.0","0.5.1","0.5.0","0.4.0","0.3.0","0.2.1","0.2.0","0.1.1","0.1.0","0.0.1"]
87 error If you need help, you may report this error at:
87 error     <https://github.com/npm/npm/issues>
88 verbose exit [ 1, true ]
